Logfile initialized
[INFO] logfile = /home/addiel/Titanium Studio Workspace/MexQarch2/build.log
[DEBUG] ./builder.py run /home/addiel/Titanium Studio Workspace/MexQarch2/ /home/addiel/developer/android linux/android-sdk-linux_x86/
[INFO] Titanium SDK version: 1.8.2 (02/23/12 17:46 59b3a90)
[DEBUG] Waiting for device to be ready ...
[TRACE] adb devices returned 1 devices/emulators
[DEBUG] Device connected... (waited 0 seconds)
[DEBUG] waited 0.006561 seconds on emulator to get ready
[DEBUG] com.mexq.mx installed? True
[WARN] Fastdev enabled, but server isn't running, deploying normally
[INFO] Copying project resources..
[INFO] Detected tiapp.xml change (or assets deleted), forcing full re-build...
[TRACE] COPYING CREATED FILE: /home/addiel/Titanium Studio Workspace/MexQarch2/Resources/KS_nav_ui.png => /home/addiel/Titanium Studio Workspace/MexQarch2/build/android/bin/assets/Resources/KS_nav_ui.png
[TRACE] COPYING CREATED FILE: /home/addiel/Titanium Studio Workspace/MexQarch2/Resources/ui/login.js => /home/addiel/Titanium Studio Workspace/MexQarch2/build/android/bin/assets/Resources/ui/login.js
[TRACE] COPYING CREATED FILE: /home/addiel/Titanium Studio Workspace/MexQarch2/Resources/ui/reporteInspeccion.js => /home/addiel/Titanium Studio Workspace/MexQarch2/build/android/bin/assets/Resources/ui/reporteInspeccion.js
[TRACE] COPYING CREATED FILE: /home/addiel/Titanium Studio Workspace/MexQarch2/Resources/ui/mainApp.js => /home/addiel/Titanium Studio Workspace/MexQarch2/build/android/bin/assets/Resources/ui/mainApp.js
[TRACE] COPYING CREATED FILE: /home/addiel/Titanium Studio Workspace/MexQarch2/Resources/ui/ordenServicio.js => /home/addiel/Titanium Studio Workspace/MexQarch2/build/android/bin/assets/Resources/ui/ordenServicio.js
[TRACE] COPYING CREATED FILE: /home/addiel/Titanium Studio Workspace/MexQarch2/Resources/funciones/json.js => /home/addiel/Titanium Studio Workspace/MexQarch2/build/android/bin/assets/Resources/funciones/json.js
[TRACE] COPYING CREATED FILE: /home/addiel/Titanium Studio Workspace/MexQarch2/Resources/funciones/spinners.js => /home/addiel/Titanium Studio Workspace/MexQarch2/build/android/bin/assets/Resources/funciones/spinners.js
[TRACE] COPYING CREATED FILE: /home/addiel/Titanium Studio Workspace/MexQarch2/Resources/funciones/camara.js => /home/addiel/Titanium Studio Workspace/MexQarch2/build/android/bin/assets/Resources/funciones/camara.js
[TRACE] COPYING CREATED FILE: /home/addiel/Titanium Studio Workspace/MexQarch2/Resources/KS_nav_views.png => /home/addiel/Titanium Studio Workspace/MexQarch2/build/android/bin/assets/Resources/KS_nav_views.png
[TRACE] COPYING CREATED FILE: /home/addiel/Titanium Studio Workspace/MexQarch2/Resources/imagenes/Fondo-1.jpg => /home/addiel/Titanium Studio Workspace/MexQarch2/build/android/bin/assets/Resources/imagenes/Fondo-1.jpg
[TRACE] COPYING CREATED FILE: /home/addiel/Titanium Studio Workspace/MexQarch2/Resources/app.js => /home/addiel/Titanium Studio Workspace/MexQarch2/build/android/bin/assets/Resources/app.js
[TRACE] COPYING CREATED FILE: /home/addiel/Titanium Studio Workspace/MexQarch2/Resources/android/._.DS_Store => /home/addiel/Titanium Studio Workspace/MexQarch2/build/android/bin/assets/Resources/._.DS_Store
[TRACE] COPYING CREATED FILE: /home/addiel/Titanium Studio Workspace/MexQarch2/Resources/android/images/._.DS_Store => /home/addiel/Titanium Studio Workspace/MexQarch2/build/android/bin/assets/Resources/images/._.DS_Store
[TRACE] COPYING CREATED FILE: /home/addiel/Titanium Studio Workspace/MexQarch2/Resources/android/default.png => /home/addiel/Titanium Studio Workspace/MexQarch2/build/android/bin/assets/Resources/default.png
[TRACE] COPYING CREATED FILE: /home/addiel/Titanium Studio Workspace/MexQarch2/Resources/android/appicon.png => /home/addiel/Titanium Studio Workspace/MexQarch2/build/android/bin/assets/Resources/appicon.png
[TRACE] Generating Java Classes
[DEBUG] Processing Android resource drawables
[TRACE] COPYING FILE: /home/addiel/Titanium Studio Workspace/MexQarch2/Resources/android/images/res-long-land-hdpi/._.DS_Store => /home/addiel/Titanium Studio Workspace/MexQarch2/build/android/res/drawable-long-land-hdpi/___ba3c16eee5.ds_store
[TRACE] COPYING FILE: /home/addiel/Titanium Studio Workspace/MexQarch2/Resources/android/images/res-notlong-land-mdpi/._.DS_Store => /home/addiel/Titanium Studio Workspace/MexQarch2/build/android/res/drawable-notlong-land-mdpi/___ba3c16eee5.ds_store
[TRACE] COPYING FILE: /home/addiel/Titanium Studio Workspace/MexQarch2/Resources/android/images/res-notlong-port-hdpi/._.DS_Store => /home/addiel/Titanium Studio Workspace/MexQarch2/build/android/res/drawable-notlong-port-hdpi/___ba3c16eee5.ds_store
[TRACE] COPYING FILE: /home/addiel/Titanium Studio Workspace/MexQarch2/Resources/android/images/res-long-port-hdpi/._.DS_Store => /home/addiel/Titanium Studio Workspace/MexQarch2/build/android/res/drawable-long-port-hdpi/___ba3c16eee5.ds_store
[TRACE] COPYING FILE: /home/addiel/Titanium Studio Workspace/MexQarch2/Resources/android/images/res-long-port-ldpi/._.DS_Store => /home/addiel/Titanium Studio Workspace/MexQarch2/build/android/res/drawable-long-port-ldpi/___ba3c16eee5.ds_store
[TRACE] COPYING FILE: /home/addiel/Titanium Studio Workspace/MexQarch2/Resources/android/images/res-notlong-land-hdpi/._.DS_Store => /home/addiel/Titanium Studio Workspace/MexQarch2/build/android/res/drawable-notlong-land-hdpi/___ba3c16eee5.ds_store
[TRACE] COPYING FILE: /home/addiel/Titanium Studio Workspace/MexQarch2/Resources/android/images/res-notlong-land-ldpi/._.DS_Store => /home/addiel/Titanium Studio Workspace/MexQarch2/build/android/res/drawable-notlong-land-ldpi/___ba3c16eee5.ds_store
[TRACE] COPYING FILE: /home/addiel/Titanium Studio Workspace/MexQarch2/Resources/android/images/res-long-land-ldpi/._.DS_Store => /home/addiel/Titanium Studio Workspace/MexQarch2/build/android/res/drawable-long-land-ldpi/___ba3c16eee5.ds_store
[TRACE] COPYING FILE: /home/addiel/Titanium Studio Workspace/MexQarch2/Resources/android/images/res-notlong-port-mdpi/._.DS_Store => /home/addiel/Titanium Studio Workspace/MexQarch2/build/android/res/drawable-notlong-port-mdpi/___ba3c16eee5.ds_store
[TRACE] COPYING FILE: /home/addiel/Titanium Studio Workspace/MexQarch2/Resources/android/images/res-notlong-port-ldpi/._.DS_Store => /home/addiel/Titanium Studio Workspace/MexQarch2/build/android/res/drawable-notlong-port-ldpi/___ba3c16eee5.ds_store
[DEBUG] app stylesheet => /home/addiel/Titanium Studio Workspace/MexQarch2/build/android/gen/com/mexq/mx/ApplicationStylesheet.java
[DEBUG] copying app icon: /home/addiel/Titanium Studio Workspace/MexQarch2/build/android/bin/assets/Resources/appicon.png
[DEBUG] generating theme.xml
[DEBUG] found drawable-long-land-hdpi splash screen at /home/addiel/Titanium Studio Workspace/MexQarch2/Resources/android/images/res-long-land-hdpi/default.png
[DEBUG] copying /home/addiel/Titanium Studio Workspace/MexQarch2/Resources/android/images/res-long-land-hdpi/default.png splash screen to /home/addiel/Titanium Studio Workspace/MexQarch2/build/android/res/drawable-long-land-hdpi/background.png
[DEBUG] found drawable-notlong-land-mdpi splash screen at /home/addiel/Titanium Studio Workspace/MexQarch2/Resources/android/images/res-notlong-land-mdpi/default.png
[DEBUG] copying /home/addiel/Titanium Studio Workspace/MexQarch2/Resources/android/images/res-notlong-land-mdpi/default.png splash screen to /home/addiel/Titanium Studio Workspace/MexQarch2/build/android/res/drawable-notlong-land-mdpi/background.png
[DEBUG] found drawable-notlong-port-hdpi splash screen at /home/addiel/Titanium Studio Workspace/MexQarch2/Resources/android/images/res-notlong-port-hdpi/default.png
[DEBUG] copying /home/addiel/Titanium Studio Workspace/MexQarch2/Resources/android/images/res-notlong-port-hdpi/default.png splash screen to /home/addiel/Titanium Studio Workspace/MexQarch2/build/android/res/drawable-notlong-port-hdpi/background.png
[DEBUG] found drawable-long-port-hdpi splash screen at /home/addiel/Titanium Studio Workspace/MexQarch2/Resources/android/images/res-long-port-hdpi/default.png
[DEBUG] copying /home/addiel/Titanium Studio Workspace/MexQarch2/Resources/android/images/res-long-port-hdpi/default.png splash screen to /home/addiel/Titanium Studio Workspace/MexQarch2/build/android/res/drawable-long-port-hdpi/background.png
[DEBUG] found drawable-long-port-ldpi splash screen at /home/addiel/Titanium Studio Workspace/MexQarch2/Resources/android/images/res-long-port-ldpi/default.png
[DEBUG] copying /home/addiel/Titanium Studio Workspace/MexQarch2/Resources/android/images/res-long-port-ldpi/default.png splash screen to /home/addiel/Titanium Studio Workspace/MexQarch2/build/android/res/drawable-long-port-ldpi/background.png
[DEBUG] found drawable-notlong-land-hdpi splash screen at /home/addiel/Titanium Studio Workspace/MexQarch2/Resources/android/images/res-notlong-land-hdpi/default.png
[DEBUG] copying /home/addiel/Titanium Studio Workspace/MexQarch2/Resources/android/images/res-notlong-land-hdpi/default.png splash screen to /home/addiel/Titanium Studio Workspace/MexQarch2/build/android/res/drawable-notlong-land-hdpi/background.png
[DEBUG] found drawable-notlong-land-ldpi splash screen at /home/addiel/Titanium Studio Workspace/MexQarch2/Resources/android/images/res-notlong-land-ldpi/default.png
[DEBUG] copying /home/addiel/Titanium Studio Workspace/MexQarch2/Resources/android/images/res-notlong-land-ldpi/default.png splash screen to /home/addiel/Titanium Studio Workspace/MexQarch2/build/android/res/drawable-notlong-land-ldpi/background.png
[DEBUG] found drawable-long-land-ldpi splash screen at /home/addiel/Titanium Studio Workspace/MexQarch2/Resources/android/images/res-long-land-ldpi/default.png
[DEBUG] copying /home/addiel/Titanium Studio Workspace/MexQarch2/Resources/android/images/res-long-land-ldpi/default.png splash screen to /home/addiel/Titanium Studio Workspace/MexQarch2/build/android/res/drawable-long-land-ldpi/background.png
[DEBUG] found drawable-notlong-port-mdpi splash screen at /home/addiel/Titanium Studio Workspace/MexQarch2/Resources/android/images/res-notlong-port-mdpi/default.png
[DEBUG] copying /home/addiel/Titanium Studio Workspace/MexQarch2/Resources/android/images/res-notlong-port-mdpi/default.png splash screen to /home/addiel/Titanium Studio Workspace/MexQarch2/build/android/res/drawable-notlong-port-mdpi/background.png
[DEBUG] found drawable-notlong-port-ldpi splash screen at /home/addiel/Titanium Studio Workspace/MexQarch2/Resources/android/images/res-notlong-port-ldpi/default.png
[DEBUG] copying /home/addiel/Titanium Studio Workspace/MexQarch2/Resources/android/images/res-notlong-port-ldpi/default.png splash screen to /home/addiel/Titanium Studio Workspace/MexQarch2/build/android/res/drawable-notlong-port-ldpi/background.png
[DEBUG] found splash screen at /home/addiel/Titanium Studio Workspace/MexQarch2/build/android/bin/assets/Resources/default.png
[TRACE] Writing out AndroidManifest.xml
[DEBUG] adding /home/addiel/Titanium Studio Workspace/MexQarch2/build/android/gen/com/mexq/mx/MexqAppInfo.java to javac build list
[DEBUG] adding /home/addiel/Titanium Studio Workspace/MexQarch2/build/android/gen/com/mexq/mx/ApplicationStylesheet.java to javac build list
[DEBUG] adding /home/addiel/Titanium Studio Workspace/MexQarch2/build/android/gen/com/mexq/mx/MexqActivity.java to javac build list
[DEBUG] adding /home/addiel/Titanium Studio Workspace/MexQarch2/build/android/gen/com/mexq/mx/R.java to javac build list
[DEBUG] adding /home/addiel/Titanium Studio Workspace/MexQarch2/build/android/gen/com/mexq/mx/MexqApplication.java to javac build list
[DEBUG] Building Java Sources: "/home/addiel/Titanium Studio Workspace/MexQarch2/build/android/gen/com/mexq/mx/MexqAppInfo.java" "/home/addiel/Titanium Studio Workspace/MexQarch2/build/android/gen/com/mexq/mx/ApplicationStylesheet.java" "/home/addiel/Titanium Studio Workspace/MexQarch2/build/android/gen/com/mexq/mx/MexqActivity.java" "/home/addiel/Titanium Studio Workspace/MexQarch2/build/android/gen/com/mexq/mx/R.java" "/home/addiel/Titanium Studio Workspace/MexQarch2/build/android/gen/com/mexq/mx/MexqApplication.java"
[INFO] Waiting for SDCard to become available..
[ERROR] Timed out waiting for SDCard to become available (60s)
[INFO] Compiling Android Resources... This could take some time
[DEBUG] Android classes.dex built
[DEBUG] creating unsigned apk: /home/addiel/Titanium Studio Workspace/MexQarch2/build/android/bin/app-unsigned.apk
[DEBUG] from resource zip => assets/Resources/funciones/camara.js
[DEBUG] from resource zip => assets/Resources/funciones/json.js
[DEBUG] from resource zip => assets/Resources/funciones/spinners.js
[DEBUG] from resource zip => assets/Resources/imagenes/Fondo-1.jpg
[DEBUG] from resource zip => assets/Resources/ui/login.js
[DEBUG] from resource zip => assets/Resources/ui/mainApp.js
[DEBUG] from resource zip => assets/Resources/ui/ordenServicio.js
[DEBUG] from resource zip => assets/Resources/ui/reporteInspeccion.js
[DEBUG] from resource zip => assets/Resources/KS_nav_ui.png
[DEBUG] from resource zip => assets/Resources/KS_nav_views.png
[DEBUG] from resource zip => assets/Resources/app.js
[DEBUG] from resource zip => assets/Resources/appicon.png
[DEBUG] from resource zip => assets/Resources/default.png
[DEBUG] from resource zip => assets/app.json
[DEBUG] from resource zip => assets/index.json
[DEBUG] from resource zip => assets/tiapp.xml
[DEBUG] from resource zip => res/drawable/appicon.png
[DEBUG] from resource zip => res/drawable/background.png
[DEBUG] from resource zip => res/layout/titanium_tabgroup.xml
[DEBUG] from resource zip => AndroidManifest.xml
[DEBUG] from resource zip => resources.arsc
[DEBUG] from resource zip => res/drawable-long-land-hdpi/background.png
[DEBUG] from resource zip => res/drawable-long-land-ldpi/background.png
[DEBUG] from resource zip => res/drawable-long-port-hdpi/background.png
[DEBUG] from resource zip => res/drawable-long-port-ldpi/background.png
[DEBUG] from resource zip => res/drawable-notlong-land-hdpi/background.png
[DEBUG] from resource zip => res/drawable-notlong-land-ldpi/background.png
[DEBUG] from resource zip => res/drawable-notlong-land-mdpi/background.png
[DEBUG] from resource zip => res/drawable-notlong-port-hdpi/background.png
[DEBUG] from resource zip => res/drawable-notlong-port-ldpi/background.png
[DEBUG] from resource zip => res/drawable-notlong-port-mdpi/background.png
[DEBUG] from JAR /home/addiel/.titanium/mobilesdk/linux/1.8.2/android/titanium.jar => org/appcelerator/titanium/build.properties
[DEBUG] from JAR /home/addiel/.titanium/mobilesdk/linux/1.8.2/android/titanium.jar => org/appcelerator/titanium/res/drawable/background.png
[DEBUG] from JAR /home/addiel/.titanium/mobilesdk/linux/1.8.2/android/titanium.jar => org/appcelerator/titanium/res/drawable/btn_check_buttonless_on.png
[DEBUG] from JAR /home/addiel/.titanium/mobilesdk/linux/1.8.2/android/titanium.jar => org/appcelerator/titanium/res/drawable/btn_check_buttonless_on_18.png
[DEBUG] from JAR /home/addiel/.titanium/mobilesdk/linux/1.8.2/android/titanium.jar => org/appcelerator/titanium/res/drawable/btn_check_buttonless_on_48.png
[DEBUG] from JAR /home/addiel/.titanium/mobilesdk/linux/1.8.2/android/titanium.jar => org/appcelerator/titanium/res/drawable/btn_more.png
[DEBUG] from JAR /home/addiel/.titanium/mobilesdk/linux/1.8.2/android/titanium.jar => org/appcelerator/titanium/res/drawable/btn_more_18.png
[DEBUG] from JAR /home/addiel/.titanium/mobilesdk/linux/1.8.2/android/titanium.jar => org/appcelerator/titanium/res/drawable/btn_more_48.png
[DEBUG] from JAR /home/addiel/.titanium/mobilesdk/linux/1.8.2/android/titanium.jar => org/appcelerator/titanium/res/drawable/btn_picker_normal.9.png
[DEBUG] from JAR /home/addiel/.titanium/mobilesdk/linux/1.8.2/android/titanium.jar => org/appcelerator/titanium/res/drawable/btn_picker_pressed.9.png
[DEBUG] from JAR /home/addiel/.titanium/mobilesdk/linux/1.8.2/android/titanium.jar => org/appcelerator/titanium/res/drawable/btn_picker_selected.9.png
[DEBUG] from JAR /home/addiel/.titanium/mobilesdk/linux/1.8.2/android/titanium.jar => org/appcelerator/titanium/res/drawable/default_icon.png
[DEBUG] from JAR /home/addiel/.titanium/mobilesdk/linux/1.8.2/android/titanium.jar => org/appcelerator/titanium/res/drawable/photoDefault.png
[DEBUG] from JAR /home/addiel/.titanium/mobilesdk/linux/1.8.2/android/thirdparty.jar => org/apache/Commons-NOTICE.txt
[DEBUG] from JAR /home/addiel/.titanium/mobilesdk/linux/1.8.2/android/thirdparty.jar => org/apache/HttpComponents-NOTICE.txt
[DEBUG] from JAR /home/addiel/.titanium/mobilesdk/linux/1.8.2/android/thirdparty.jar => org/apache/mime4j-NOTICE.txt
[DEBUG] from JAR /home/addiel/.titanium/mobilesdk/linux/1.8.2/android/modules/titanium-ui.jar => ti/modules/titanium/ui/widget/webview/binding.js
[DEBUG] from JAR /home/addiel/.titanium/mobilesdk/linux/1.8.2/android/modules/titanium-ui.jar => ti/modules/titanium/ui/widget/webview/binding.min.js
[DEBUG] from JAR /home/addiel/.titanium/mobilesdk/linux/1.8.2/android/modules/titanium-ui.jar => ti/modules/titanium/ui/widget/webview/json2.js
[DEBUG] installing native SDK libs
[DEBUG] Waiting for device to be ready ...
[TRACE] adb devices returned 1 devices/emulators
[DEBUG] Device connected... (waited 0 seconds)
[DEBUG] waited 0.004886 seconds on emulator to get ready
[INFO] Installing application on emulator
[INFO] Launching application ... MexQ
[TRACE] Launch output: Starting: Intent { act=android.intent.action.MAIN cat=[android.intent.category.LAUNCHER] cmp=com.mexq.mx/.MexqActivity }

[INFO] Deployed MexQ ... Application should be running.
